[0.432s] DEBUG:colcon:Command line arguments: ['/usr/bin/colcon', 'build']
[0.432s] DEBUG:colcon:Parsed command line arguments: Namespace(log_base=None, log_level=None, verb_name='build', build_base='build', install_base='install', merge_install=False, symlink_install=False, test_result_base=None, continue_on_error=False, executor='parallel', parallel_workers=4, event_handlers=None, ignore_user_meta=False, metas=['./colcon.meta'], base_paths=['.'], packages_ignore=None, packages_ignore_regex=None, paths=None, packages_up_to=None, packages_up_to_regex=None, packages_above=None, packages_above_and_dependencies=None, packages_above_depth=None, packages_select_by_dep=None, packages_skip_by_dep=None, packages_skip_up_to=None, packages_select_build_failed=False, packages_skip_build_finished=False, packages_select_test_failures=False, packages_skip_test_passed=False, packages_select=None, packages_skip=None, packages_select_regex=None, packages_skip_regex=None, packages_start=None, packages_end=None, allow_overriding=[], cmake_args=None, cmake_target=None, cmake_target_skip_unavailable=False, cmake_clean_cache=False, cmake_clean_first=False, cmake_force_configure=False, ament_cmake_args=None, catkin_cmake_args=None, catkin_skip_building_tests=False, mixin_files=None, mixin=None, verb_parser=<colcon_mixin.mixin.mixin_argument.MixinArgumentDecorator object at 0x7eb5566a1f70>, verb_extension=<colcon_core.verb.build.BuildVerb object at 0x7eb5566a1c10>, main=<bound method BuildVerb.main of <colcon_core.verb.build.BuildVerb object at 0x7eb5566a1c10>>, mixin_verb=('build',))
[0.617s] Level 1:colcon.colcon_core.package_discovery:discover_packages(colcon_meta) check parameters
[0.618s] Level 1:colcon.colcon_core.package_discovery:discover_packages(recursive) check parameters
[0.618s] Level 1:colcon.colcon_core.package_discovery:discover_packages(ignore) check parameters
[0.618s] Level 1:colcon.colcon_core.package_discovery:discover_packages(path) check parameters
[0.618s] Level 1:colcon.colcon_core.package_discovery:discover_packages(colcon_meta) discover
[0.618s] Level 1:colcon.colcon_core.package_discovery:discover_packages(recursive) discover
[0.618s] INFO:colcon.colcon_core.package_discovery:Crawling recursively for packages in '/home/oswiwi/prueba1_ws'
[0.618s] Level 1:colcon.colcon_core.package_identification:_identify(.) by extensions ['ignore', 'ignore_ament_install']
[0.619s] Level 1:colcon.colcon_core.package_identification:_identify(.) by extension 'ignore'
[0.619s] Level 1:colcon.colcon_core.package_identification:_identify(.) by extension 'ignore_ament_install'
[0.619s] Level 1:colcon.colcon_core.package_identification:_identify(.) by extensions ['colcon_pkg']
[0.619s] Level 1:colcon.colcon_core.package_identification:_identify(.) by extension 'colcon_pkg'
[0.619s] Level 1:colcon.colcon_core.package_identification:_identify(.) by extensions ['colcon_meta']
[0.619s] Level 1:colcon.colcon_core.package_identification:_identify(.) by extension 'colcon_meta'
[0.619s] Level 1:colcon.colcon_core.package_identification:_identify(.) by extensions ['ros']
[0.619s] Level 1:colcon.colcon_core.package_identification:_identify(.) by extension 'ros'
[0.693s] Level 1:colcon.colcon_core.package_identification:_identify(.) by extensions ['cmake', 'python']
[0.694s] Level 1:colcon.colcon_core.package_identification:_identify(.) by extension 'cmake'
[0.694s] Level 1:colcon.colcon_core.package_identification:_identify(.) by extension 'python'
[0.694s] Level 1:colcon.colcon_core.package_identification:_identify(.) by extensions ['python_setup_py']
[0.694s] Level 1:colcon.colcon_core.package_identification:_identify(.) by extension 'python_setup_py'
[0.694s] Level 1:colcon.colcon_core.package_identification:_identify(build) by extensions ['ignore', 'ignore_ament_install']
[0.694s] Level 1:colcon.colcon_core.package_identification:_identify(build) by extension 'ignore'
[0.695s] Level 1:colcon.colcon_core.package_identification:_identify(build) ignored
[0.695s] Level 1:colcon.colcon_core.package_identification:_identify(install) by extensions ['ignore', 'ignore_ament_install']
[0.695s] Level 1:colcon.colcon_core.package_identification:_identify(install) by extension 'ignore'
[0.695s] Level 1:colcon.colcon_core.package_identification:_identify(install) ignored
[0.695s] Level 1:colcon.colcon_core.package_identification:_identify(log) by extensions ['ignore', 'ignore_ament_install']
[0.695s] Level 1:colcon.colcon_core.package_identification:_identify(log) by extension 'ignore'
[0.695s] Level 1:colcon.colcon_core.package_identification:_identify(log) ignored
[0.695s] Level 1:colcon.colcon_core.package_identification:_identify(src) by extensions ['ignore', 'ignore_ament_install']
[0.696s] Level 1:colcon.colcon_core.package_identification:_identify(src) by extension 'ignore'
[0.696s] Level 1:colcon.colcon_core.package_identification:_identify(src) by extension 'ignore_ament_install'
[0.696s] Level 1:colcon.colcon_core.package_identification:_identify(src) by extensions ['colcon_pkg']
[0.696s] Level 1:colcon.colcon_core.package_identification:_identify(src) by extension 'colcon_pkg'
[0.696s] Level 1:colcon.colcon_core.package_identification:_identify(src) by extensions ['colcon_meta']
[0.696s] Level 1:colcon.colcon_core.package_identification:_identify(src) by extension 'colcon_meta'
[0.696s] Level 1:colcon.colcon_core.package_identification:_identify(src) by extensions ['ros']
[0.696s] Level 1:colcon.colcon_core.package_identification:_identify(src) by extension 'ros'
[0.696s] Level 1:colcon.colcon_core.package_identification:_identify(src) by extensions ['cmake', 'python']
[0.696s] Level 1:colcon.colcon_core.package_identification:_identify(src) by extension 'cmake'
[0.696s] Level 1:colcon.colcon_core.package_identification:_identify(src) by extension 'python'
[0.696s] Level 1:colcon.colcon_core.package_identification:_identify(src) by extensions ['python_setup_py']
[0.696s] Level 1:colcon.colcon_core.package_identification:_identify(src) by extension 'python_setup_py'
[0.697s] Level 1:colcon.colcon_core.package_identification:_identify(src/cpp_robot_controller) by extensions ['ignore', 'ignore_ament_install']
[0.697s] Level 1:colcon.colcon_core.package_identification:_identify(src/cpp_robot_controller) by extension 'ignore'
[0.697s] Level 1:colcon.colcon_core.package_identification:_identify(src/cpp_robot_controller) by extension 'ignore_ament_install'
[0.697s] Level 1:colcon.colcon_core.package_identification:_identify(src/cpp_robot_controller) by extensions ['colcon_pkg']
[0.697s] Level 1:colcon.colcon_core.package_identification:_identify(src/cpp_robot_controller) by extension 'colcon_pkg'
[0.698s] Level 1:colcon.colcon_core.package_identification:_identify(src/cpp_robot_controller) by extensions ['colcon_meta']
[0.698s] Level 1:colcon.colcon_core.package_identification:_identify(src/cpp_robot_controller) by extension 'colcon_meta'
[0.698s] Level 1:colcon.colcon_core.package_identification:_identify(src/cpp_robot_controller) by extensions ['ros']
[0.698s] Level 1:colcon.colcon_core.package_identification:_identify(src/cpp_robot_controller) by extension 'ros'
[0.708s] DEBUG:colcon.colcon_core.package_identification:Package 'src/cpp_robot_controller' with type 'ros.ament_cmake' and name 'cpp_robot_controller'
[0.708s] Level 1:colcon.colcon_core.package_discovery:discover_packages(recursive) using defaults
[0.708s] Level 1:colcon.colcon_core.package_discovery:discover_packages(ignore) discover
[0.708s] Level 1:colcon.colcon_core.package_discovery:discover_packages(ignore) using defaults
[0.708s] Level 1:colcon.colcon_core.package_discovery:discover_packages(path) discover
[0.708s] Level 1:colcon.colcon_core.package_discovery:discover_packages(path) using defaults
[0.753s] Level 1:colcon.colcon_core.package_discovery:discover_packages(prefix_path) check parameters
[0.754s] Level 1:colcon.colcon_core.package_discovery:discover_packages(prefix_path) discover
[0.764s] DEBUG:colcon.colcon_installed_package_information.package_discovery:Found 1 installed packages in /home/oswiwi/prueba1_ws/install
[0.767s] DEBUG:colcon.colcon_installed_package_information.package_discovery:Found 407 installed packages in /opt/ros/jazzy
[0.770s] Level 1:colcon.colcon_core.package_discovery:discover_packages(prefix_path) using defaults
[0.867s] Level 5:colcon.colcon_core.verb:set package 'cpp_robot_controller' build argument 'cmake_args' from command line to 'None'
[0.867s] Level 5:colcon.colcon_core.verb:set package 'cpp_robot_controller' build argument 'cmake_target' from command line to 'None'
[0.867s] Level 5:colcon.colcon_core.verb:set package 'cpp_robot_controller' build argument 'cmake_target_skip_unavailable' from command line to 'False'
[0.867s] Level 5:colcon.colcon_core.verb:set package 'cpp_robot_controller' build argument 'cmake_clean_cache' from command line to 'False'
[0.867s] Level 5:colcon.colcon_core.verb:set package 'cpp_robot_controller' build argument 'cmake_clean_first' from command line to 'False'
[0.867s] Level 5:colcon.colcon_core.verb:set package 'cpp_robot_controller' build argument 'cmake_force_configure' from command line to 'False'
[0.867s] Level 5:colcon.colcon_core.verb:set package 'cpp_robot_controller' build argument 'ament_cmake_args' from command line to 'None'
[0.867s] Level 5:colcon.colcon_core.verb:set package 'cpp_robot_controller' build argument 'catkin_cmake_args' from command line to 'None'
[0.867s] Level 5:colcon.colcon_core.verb:set package 'cpp_robot_controller' build argument 'catkin_skip_building_tests' from command line to 'False'
[0.867s] DEBUG:colcon.colcon_core.verb:Building package 'cpp_robot_controller' with the following arguments: {'ament_cmake_args': None, 'build_base': '/home/oswiwi/prueba1_ws/build/cpp_robot_controller', 'catkin_cmake_args': None, 'catkin_skip_building_tests': False, 'cmake_args': None, 'cmake_clean_cache': False, 'cmake_clean_first': False, 'cmake_force_configure': False, 'cmake_target': None, 'cmake_target_skip_unavailable': False, 'install_base': '/home/oswiwi/prueba1_ws/install/cpp_robot_controller', 'merge_install': False, 'path': '/home/oswiwi/prueba1_ws/src/cpp_robot_controller', 'symlink_install': False, 'test_result_base': None}
[0.867s] INFO:colcon.colcon_core.executor:Executing jobs using 'parallel' executor
[0.869s] DEBUG:colcon.colcon_parallel_executor.executor.parallel:run_until_complete
[0.869s] INFO:colcon.colcon_ros.task.ament_cmake.build:Building ROS package in '/home/oswiwi/prueba1_ws/src/cpp_robot_controller' with build type 'ament_cmake'
[0.870s] INFO:colcon.colcon_cmake.task.cmake.build:Building CMake package in '/home/oswiwi/prueba1_ws/src/cpp_robot_controller'
[0.878s] INFO:colcon.colcon_core.plugin_system:Skipping extension 'colcon_core.shell.bat': Not used on non-Windows systems
[0.879s] INFO:colcon.colcon_core.shell:Skip shell extension 'powershell' for command environment: Not usable outside of PowerShell
[0.879s] DEBUG:colcon.colcon_core.shell:Skip shell extension 'dsv' for command environment
[0.896s] DEBUG:colcon.colcon_core.event_handler.log_command:Invoking command in '/home/oswiwi/prueba1_ws/build/cpp_robot_controller': CMAKE_PREFIX_PATH=${CMAKE_PREFIX_PATH}:/opt/ros/jazzy DEBUGINFOD_URLS=https://debuginfod.ubuntu.com /usr/bin/cmake --build /home/oswiwi/prueba1_ws/build/cpp_robot_controller -- -j4 -l4
[9.096s] DEBUG:colcon.colcon_core.event_handler.log_command:Invoked command in '/home/oswiwi/prueba1_ws/build/cpp_robot_controller' returned '0': CMAKE_PREFIX_PATH=${CMAKE_PREFIX_PATH}:/opt/ros/jazzy DEBUGINFOD_URLS=https://debuginfod.ubuntu.com /usr/bin/cmake --build /home/oswiwi/prueba1_ws/build/cpp_robot_controller -- -j4 -l4
[9.113s] DEBUG:colcon.colcon_core.event_handler.log_command:Invoking command in '/home/oswiwi/prueba1_ws/build/cpp_robot_controller': CMAKE_PREFIX_PATH=${CMAKE_PREFIX_PATH}:/opt/ros/jazzy DEBUGINFOD_URLS=https://debuginfod.ubuntu.com /usr/bin/cmake --install /home/oswiwi/prueba1_ws/build/cpp_robot_controller
[9.135s] Level 1:colcon.colcon_core.environment:create_environment_scripts_only(cpp_robot_controller)
[9.136s] DEBUG:colcon.colcon_core.event_handler.log_command:Invoked command in '/home/oswiwi/prueba1_ws/build/cpp_robot_controller' returned '0': CMAKE_PREFIX_PATH=${CMAKE_PREFIX_PATH}:/opt/ros/jazzy DEBUGINFOD_URLS=https://debuginfod.ubuntu.com /usr/bin/cmake --install /home/oswiwi/prueba1_ws/build/cpp_robot_controller
[9.145s] Level 1:colcon.colcon_core.environment:checking '/home/oswiwi/prueba1_ws/install/cpp_robot_controller' for CMake module files
[9.146s] Level 1:colcon.colcon_core.environment:checking '/home/oswiwi/prueba1_ws/install/cpp_robot_controller' for CMake config files
[9.146s] Level 1:colcon.colcon_core.shell:create_environment_hook('cpp_robot_controller', 'cmake_prefix_path')
[9.147s] INFO:colcon.colcon_core.shell:Creating environment hook '/home/oswiwi/prueba1_ws/install/cpp_robot_controller/share/cpp_robot_controller/hook/cmake_prefix_path.ps1'
[9.149s] INFO:colcon.colcon_core.shell:Creating environment descriptor '/home/oswiwi/prueba1_ws/install/cpp_robot_controller/share/cpp_robot_controller/hook/cmake_prefix_path.dsv'
[9.150s] INFO:colcon.colcon_core.shell:Creating environment hook '/home/oswiwi/prueba1_ws/install/cpp_robot_controller/share/cpp_robot_controller/hook/cmake_prefix_path.sh'
[9.152s] Level 1:colcon.colcon_core.environment:checking '/home/oswiwi/prueba1_ws/install/cpp_robot_controller/lib'
[9.152s] Level 1:colcon.colcon_core.environment:checking '/home/oswiwi/prueba1_ws/install/cpp_robot_controller/bin'
[9.153s] Level 1:colcon.colcon_core.environment:checking '/home/oswiwi/prueba1_ws/install/cpp_robot_controller/lib/pkgconfig/cpp_robot_controller.pc'
[9.153s] Level 1:colcon.colcon_core.environment:checking '/home/oswiwi/prueba1_ws/install/cpp_robot_controller/lib/python3.12/site-packages'
[9.153s] Level 1:colcon.colcon_core.environment:checking '/home/oswiwi/prueba1_ws/install/cpp_robot_controller/bin'
[9.154s] INFO:colcon.colcon_core.shell:Creating package script '/home/oswiwi/prueba1_ws/install/cpp_robot_controller/share/cpp_robot_controller/package.ps1'
[9.156s] INFO:colcon.colcon_core.shell:Creating package descriptor '/home/oswiwi/prueba1_ws/install/cpp_robot_controller/share/cpp_robot_controller/package.dsv'
[9.158s] INFO:colcon.colcon_core.shell:Creating package script '/home/oswiwi/prueba1_ws/install/cpp_robot_controller/share/cpp_robot_controller/package.sh'
[9.160s] INFO:colcon.colcon_core.shell:Creating package script '/home/oswiwi/prueba1_ws/install/cpp_robot_controller/share/cpp_robot_controller/package.bash'
[9.162s] INFO:colcon.colcon_core.shell:Creating package script '/home/oswiwi/prueba1_ws/install/cpp_robot_controller/share/cpp_robot_controller/package.zsh'
[9.164s] Level 1:colcon.colcon_core.environment:create_file_with_runtime_dependencies(/home/oswiwi/prueba1_ws/install/cpp_robot_controller/share/colcon-core/packages/cpp_robot_controller)
[9.165s] Level 1:colcon.colcon_core.environment:create_environment_scripts_only(cpp_robot_controller)
[9.166s] Level 1:colcon.colcon_core.environment:checking '/home/oswiwi/prueba1_ws/install/cpp_robot_controller' for CMake module files
[9.167s] Level 1:colcon.colcon_core.environment:checking '/home/oswiwi/prueba1_ws/install/cpp_robot_controller' for CMake config files
[9.167s] Level 1:colcon.colcon_core.shell:create_environment_hook('cpp_robot_controller', 'cmake_prefix_path')
[9.168s] INFO:colcon.colcon_core.shell:Creating environment hook '/home/oswiwi/prueba1_ws/install/cpp_robot_controller/share/cpp_robot_controller/hook/cmake_prefix_path.ps1'
[9.168s] INFO:colcon.colcon_core.shell:Creating environment descriptor '/home/oswiwi/prueba1_ws/install/cpp_robot_controller/share/cpp_robot_controller/hook/cmake_prefix_path.dsv'
[9.169s] INFO:colcon.colcon_core.shell:Creating environment hook '/home/oswiwi/prueba1_ws/install/cpp_robot_controller/share/cpp_robot_controller/hook/cmake_prefix_path.sh'
[9.170s] Level 1:colcon.colcon_core.environment:checking '/home/oswiwi/prueba1_ws/install/cpp_robot_controller/lib'
[9.171s] Level 1:colcon.colcon_core.environment:checking '/home/oswiwi/prueba1_ws/install/cpp_robot_controller/bin'
[9.171s] Level 1:colcon.colcon_core.environment:checking '/home/oswiwi/prueba1_ws/install/cpp_robot_controller/lib/pkgconfig/cpp_robot_controller.pc'
[9.171s] Level 1:colcon.colcon_core.environment:checking '/home/oswiwi/prueba1_ws/install/cpp_robot_controller/lib/python3.12/site-packages'
[9.172s] Level 1:colcon.colcon_core.environment:checking '/home/oswiwi/prueba1_ws/install/cpp_robot_controller/bin'
[9.172s] INFO:colcon.colcon_core.shell:Creating package script '/home/oswiwi/prueba1_ws/install/cpp_robot_controller/share/cpp_robot_controller/package.ps1'
[9.173s] INFO:colcon.colcon_core.shell:Creating package descriptor '/home/oswiwi/prueba1_ws/install/cpp_robot_controller/share/cpp_robot_controller/package.dsv'
[9.175s] INFO:colcon.colcon_core.shell:Creating package script '/home/oswiwi/prueba1_ws/install/cpp_robot_controller/share/cpp_robot_controller/package.sh'
[9.176s] INFO:colcon.colcon_core.shell:Creating package script '/home/oswiwi/prueba1_ws/install/cpp_robot_controller/share/cpp_robot_controller/package.bash'
[9.178s] INFO:colcon.colcon_core.shell:Creating package script '/home/oswiwi/prueba1_ws/install/cpp_robot_controller/share/cpp_robot_controller/package.zsh'
[9.179s] Level 1:colcon.colcon_core.environment:create_file_with_runtime_dependencies(/home/oswiwi/prueba1_ws/install/cpp_robot_controller/share/colcon-core/packages/cpp_robot_controller)
[9.179s] DEBUG:colcon.colcon_parallel_executor.executor.parallel:closing loop
[9.180s] DEBUG:colcon.colcon_parallel_executor.executor.parallel:loop closed
[9.180s] DEBUG:colcon.colcon_parallel_executor.executor.parallel:run_until_complete finished with '0'
[9.181s] DEBUG:colcon.colcon_core.event_reactor:joining thread
[9.202s] INFO:colcon.colcon_core.plugin_system:Skipping extension 'colcon_notification.desktop_notification.terminal_notifier': Not used on non-Darwin systems
[9.202s] INFO:colcon.colcon_core.plugin_system:Skipping extension 'colcon_notification.desktop_notification.win32': Not used on non-Windows systems
[9.202s] INFO:colcon.colcon_notification.desktop_notification:Sending desktop notification using 'notify2'
[9.245s] DEBUG:colcon.colcon_core.event_reactor:joined thread
[9.245s] INFO:colcon.colcon_core.shell:Creating prefix script '/home/oswiwi/prueba1_ws/install/local_setup.ps1'
[9.254s] INFO:colcon.colcon_core.shell:Creating prefix util module '/home/oswiwi/prueba1_ws/install/_local_setup_util_ps1.py'
[9.261s] INFO:colcon.colcon_core.shell:Creating prefix chain script '/home/oswiwi/prueba1_ws/install/setup.ps1'
[9.263s] INFO:colcon.colcon_core.shell:Creating prefix script '/home/oswiwi/prueba1_ws/install/local_setup.sh'
[9.266s] INFO:colcon.colcon_core.shell:Creating prefix util module '/home/oswiwi/prueba1_ws/install/_local_setup_util_sh.py'
[9.268s] INFO:colcon.colcon_core.shell:Creating prefix chain script '/home/oswiwi/prueba1_ws/install/setup.sh'
[9.270s] INFO:colcon.colcon_core.shell:Creating prefix script '/home/oswiwi/prueba1_ws/install/local_setup.bash'
[9.271s] INFO:colcon.colcon_core.shell:Creating prefix chain script '/home/oswiwi/prueba1_ws/install/setup.bash'
[9.274s] INFO:colcon.colcon_core.shell:Creating prefix script '/home/oswiwi/prueba1_ws/install/local_setup.zsh'
[9.276s] INFO:colcon.colcon_core.shell:Creating prefix chain script '/home/oswiwi/prueba1_ws/install/setup.zsh'
