[0.327s] DEBUG:colcon:Command line arguments: ['/usr/bin/colcon', 'build']
[0.328s] DEBUG:colcon:Parsed command line arguments: Namespace(log_base=None, log_level=None, verb_name='build', build_base='build', install_base='install', merge_install=False, symlink_install=False, test_result_base=None, continue_on_error=False, executor='parallel', parallel_workers=4, event_handlers=None, ignore_user_meta=False, metas=['./colcon.meta'], base_paths=['.'], packages_ignore=None, packages_ignore_regex=None, paths=None, packages_up_to=None, packages_up_to_regex=None, packages_above=None, packages_above_and_dependencies=None, packages_above_depth=None, packages_select_by_dep=None, packages_skip_by_dep=None, packages_skip_up_to=None, packages_select_build_failed=False, packages_skip_build_finished=False, packages_select_test_failures=False, packages_skip_test_passed=False, packages_select=None, packages_skip=None, packages_select_regex=None, packages_skip_regex=None, packages_start=None, packages_end=None, allow_overriding=[], cmake_args=None, cmake_target=None, cmake_target_skip_unavailable=False, cmake_clean_cache=False, cmake_clean_first=False, cmake_force_configure=False, ament_cmake_args=None, catkin_cmake_args=None, catkin_skip_building_tests=False, mixin_files=None, mixin=None, verb_parser=<colcon_mixin.mixin.mixin_argument.MixinArgumentDecorator object at 0x777562aa2060>, verb_extension=<colcon_core.verb.build.BuildVerb object at 0x777562aa1cd0>, main=<bound method BuildVerb.main of <colcon_core.verb.build.BuildVerb object at 0x777562aa1cd0>>, mixin_verb=('build',))
[0.549s] Level 1:colcon.colcon_core.package_discovery:discover_packages(colcon_meta) check parameters
[0.549s] Level 1:colcon.colcon_core.package_discovery:discover_packages(recursive) check parameters
[0.549s] Level 1:colcon.colcon_core.package_discovery:discover_packages(ignore) check parameters
[0.549s] Level 1:colcon.colcon_core.package_discovery:discover_packages(path) check parameters
[0.549s] Level 1:colcon.colcon_core.package_discovery:discover_packages(colcon_meta) discover
[0.549s] Level 1:colcon.colcon_core.package_discovery:discover_packages(recursive) discover
[0.549s] INFO:colcon.colcon_core.package_discovery:Crawling recursively for packages in '/home/oswiwi/prueba1_ws'
[0.550s] Level 1:colcon.colcon_core.package_identification:_identify(.) by extensions ['ignore', 'ignore_ament_install']
[0.550s] Level 1:colcon.colcon_core.package_identification:_identify(.) by extension 'ignore'
[0.550s] Level 1:colcon.colcon_core.package_identification:_identify(.) by extension 'ignore_ament_install'
[0.550s] Level 1:colcon.colcon_core.package_identification:_identify(.) by extensions ['colcon_pkg']
[0.550s] Level 1:colcon.colcon_core.package_identification:_identify(.) by extension 'colcon_pkg'
[0.550s] Level 1:colcon.colcon_core.package_identification:_identify(.) by extensions ['colcon_meta']
[0.550s] Level 1:colcon.colcon_core.package_identification:_identify(.) by extension 'colcon_meta'
[0.551s] Level 1:colcon.colcon_core.package_identification:_identify(.) by extensions ['ros']
[0.551s] Level 1:colcon.colcon_core.package_identification:_identify(.) by extension 'ros'
[0.638s] Level 1:colcon.colcon_core.package_identification:_identify(.) by extensions ['cmake', 'python']
[0.639s] Level 1:colcon.colcon_core.package_identification:_identify(.) by extension 'cmake'
[0.639s] Level 1:colcon.colcon_core.package_identification:_identify(.) by extension 'python'
[0.639s] Level 1:colcon.colcon_core.package_identification:_identify(.) by extensions ['python_setup_py']
[0.639s] Level 1:colcon.colcon_core.package_identification:_identify(.) by extension 'python_setup_py'
[0.639s] Level 1:colcon.colcon_core.package_identification:_identify(build) by extensions ['ignore', 'ignore_ament_install']
[0.639s] Level 1:colcon.colcon_core.package_identification:_identify(build) by extension 'ignore'
[0.639s] Level 1:colcon.colcon_core.package_identification:_identify(build) ignored
[0.639s] Level 1:colcon.colcon_core.package_identification:_identify(install) by extensions ['ignore', 'ignore_ament_install']
[0.640s] Level 1:colcon.colcon_core.package_identification:_identify(install) by extension 'ignore'
[0.640s] Level 1:colcon.colcon_core.package_identification:_identify(install) ignored
[0.640s] Level 1:colcon.colcon_core.package_identification:_identify(log) by extensions ['ignore', 'ignore_ament_install']
[0.640s] Level 1:colcon.colcon_core.package_identification:_identify(log) by extension 'ignore'
[0.640s] Level 1:colcon.colcon_core.package_identification:_identify(log) ignored
[0.640s] Level 1:colcon.colcon_core.package_identification:_identify(src) by extensions ['ignore', 'ignore_ament_install']
[0.640s] Level 1:colcon.colcon_core.package_identification:_identify(src) by extension 'ignore'
[0.640s] Level 1:colcon.colcon_core.package_identification:_identify(src) by extension 'ignore_ament_install'
[0.640s] Level 1:colcon.colcon_core.package_identification:_identify(src) by extensions ['colcon_pkg']
[0.640s] Level 1:colcon.colcon_core.package_identification:_identify(src) by extension 'colcon_pkg'
[0.641s] Level 1:colcon.colcon_core.package_identification:_identify(src) by extensions ['colcon_meta']
[0.641s] Level 1:colcon.colcon_core.package_identification:_identify(src) by extension 'colcon_meta'
[0.641s] Level 1:colcon.colcon_core.package_identification:_identify(src) by extensions ['ros']
[0.641s] Level 1:colcon.colcon_core.package_identification:_identify(src) by extension 'ros'
[0.641s] Level 1:colcon.colcon_core.package_identification:_identify(src) by extensions ['cmake', 'python']
[0.641s] Level 1:colcon.colcon_core.package_identification:_identify(src) by extension 'cmake'
[0.641s] Level 1:colcon.colcon_core.package_identification:_identify(src) by extension 'python'
[0.641s] Level 1:colcon.colcon_core.package_identification:_identify(src) by extensions ['python_setup_py']
[0.641s] Level 1:colcon.colcon_core.package_identification:_identify(src) by extension 'python_setup_py'
[0.641s] Level 1:colcon.colcon_core.package_identification:_identify(src/cpp_robot_controller) by extensions ['ignore', 'ignore_ament_install']
[0.641s] Level 1:colcon.colcon_core.package_identification:_identify(src/cpp_robot_controller) by extension 'ignore'
[0.641s] Level 1:colcon.colcon_core.package_identification:_identify(src/cpp_robot_controller) by extension 'ignore_ament_install'
[0.642s] Level 1:colcon.colcon_core.package_identification:_identify(src/cpp_robot_controller) by extensions ['colcon_pkg']
[0.642s] Level 1:colcon.colcon_core.package_identification:_identify(src/cpp_robot_controller) by extension 'colcon_pkg'
[0.642s] Level 1:colcon.colcon_core.package_identification:_identify(src/cpp_robot_controller) by extensions ['colcon_meta']
[0.642s] Level 1:colcon.colcon_core.package_identification:_identify(src/cpp_robot_controller) by extension 'colcon_meta'
[0.642s] Level 1:colcon.colcon_core.package_identification:_identify(src/cpp_robot_controller) by extensions ['ros']
[0.642s] Level 1:colcon.colcon_core.package_identification:_identify(src/cpp_robot_controller) by extension 'ros'
[0.650s] DEBUG:colcon.colcon_core.package_identification:Package 'src/cpp_robot_controller' with type 'ros.ament_cmake' and name 'cpp_robot_controller'
[0.650s] Level 1:colcon.colcon_core.package_discovery:discover_packages(recursive) using defaults
[0.650s] Level 1:colcon.colcon_core.package_discovery:discover_packages(ignore) discover
[0.650s] Level 1:colcon.colcon_core.package_discovery:discover_packages(ignore) using defaults
[0.650s] Level 1:colcon.colcon_core.package_discovery:discover_packages(path) discover
[0.650s] Level 1:colcon.colcon_core.package_discovery:discover_packages(path) using defaults
[0.702s] Level 1:colcon.colcon_core.package_discovery:discover_packages(prefix_path) check parameters
[0.702s] Level 1:colcon.colcon_core.package_discovery:discover_packages(prefix_path) discover
[0.713s] DEBUG:colcon.colcon_installed_package_information.package_discovery:Found 1 installed packages in /home/oswiwi/prueba1_ws/install
[0.717s] DEBUG:colcon.colcon_installed_package_information.package_discovery:Found 407 installed packages in /opt/ros/jazzy
[0.719s] Level 1:colcon.colcon_core.package_discovery:discover_packages(prefix_path) using defaults
[0.823s] Level 5:colcon.colcon_core.verb:set package 'cpp_robot_controller' build argument 'cmake_args' from command line to 'None'
[0.823s] Level 5:colcon.colcon_core.verb:set package 'cpp_robot_controller' build argument 'cmake_target' from command line to 'None'
[0.823s] Level 5:colcon.colcon_core.verb:set package 'cpp_robot_controller' build argument 'cmake_target_skip_unavailable' from command line to 'False'
[0.823s] Level 5:colcon.colcon_core.verb:set package 'cpp_robot_controller' build argument 'cmake_clean_cache' from command line to 'False'
[0.823s] Level 5:colcon.colcon_core.verb:set package 'cpp_robot_controller' build argument 'cmake_clean_first' from command line to 'False'
[0.823s] Level 5:colcon.colcon_core.verb:set package 'cpp_robot_controller' build argument 'cmake_force_configure' from command line to 'False'
[0.823s] Level 5:colcon.colcon_core.verb:set package 'cpp_robot_controller' build argument 'ament_cmake_args' from command line to 'None'
[0.823s] Level 5:colcon.colcon_core.verb:set package 'cpp_robot_controller' build argument 'catkin_cmake_args' from command line to 'None'
[0.823s] Level 5:colcon.colcon_core.verb:set package 'cpp_robot_controller' build argument 'catkin_skip_building_tests' from command line to 'False'
[0.823s] DEBUG:colcon.colcon_core.verb:Building package 'cpp_robot_controller' with the following arguments: {'ament_cmake_args': None, 'build_base': '/home/oswiwi/prueba1_ws/build/cpp_robot_controller', 'catkin_cmake_args': None, 'catkin_skip_building_tests': False, 'cmake_args': None, 'cmake_clean_cache': False, 'cmake_clean_first': False, 'cmake_force_configure': False, 'cmake_target': None, 'cmake_target_skip_unavailable': False, 'install_base': '/home/oswiwi/prueba1_ws/install/cpp_robot_controller', 'merge_install': False, 'path': '/home/oswiwi/prueba1_ws/src/cpp_robot_controller', 'symlink_install': False, 'test_result_base': None}
[0.824s] INFO:colcon.colcon_core.executor:Executing jobs using 'parallel' executor
[0.826s] DEBUG:colcon.colcon_parallel_executor.executor.parallel:run_until_complete
[0.826s] INFO:colcon.colcon_ros.task.ament_cmake.build:Building ROS package in '/home/oswiwi/prueba1_ws/src/cpp_robot_controller' with build type 'ament_cmake'
[0.826s] INFO:colcon.colcon_cmake.task.cmake.build:Building CMake package in '/home/oswiwi/prueba1_ws/src/cpp_robot_controller'
[0.848s] INFO:colcon.colcon_core.plugin_system:Skipping extension 'colcon_core.shell.bat': Not used on non-Windows systems
[0.849s] INFO:colcon.colcon_core.shell:Skip shell extension 'powershell' for command environment: Not usable outside of PowerShell
[0.849s] DEBUG:colcon.colcon_core.shell:Skip shell extension 'dsv' for command environment
[0.886s] DEBUG:colcon.colcon_core.event_handler.log_command:Invoking command in '/home/oswiwi/prueba1_ws/build/cpp_robot_controller': CMAKE_PREFIX_PATH=${CMAKE_PREFIX_PATH}:/opt/ros/jazzy DEBUGINFOD_URLS=https://debuginfod.ubuntu.com /usr/bin/cmake --build /home/oswiwi/prueba1_ws/build/cpp_robot_controller -- -j4 -l4
[9.045s] DEBUG:colcon.colcon_core.event_handler.log_command:Invoked command in '/home/oswiwi/prueba1_ws/build/cpp_robot_controller' returned '0': CMAKE_PREFIX_PATH=${CMAKE_PREFIX_PATH}:/opt/ros/jazzy DEBUGINFOD_URLS=https://debuginfod.ubuntu.com /usr/bin/cmake --build /home/oswiwi/prueba1_ws/build/cpp_robot_controller -- -j4 -l4
[9.065s] DEBUG:colcon.colcon_core.event_handler.log_command:Invoking command in '/home/oswiwi/prueba1_ws/build/cpp_robot_controller': CMAKE_PREFIX_PATH=${CMAKE_PREFIX_PATH}:/opt/ros/jazzy DEBUGINFOD_URLS=https://debuginfod.ubuntu.com /usr/bin/cmake --install /home/oswiwi/prueba1_ws/build/cpp_robot_controller
[9.089s] Level 1:colcon.colcon_core.environment:create_environment_scripts_only(cpp_robot_controller)
[9.090s] DEBUG:colcon.colcon_core.event_handler.log_command:Invoked command in '/home/oswiwi/prueba1_ws/build/cpp_robot_controller' returned '0': CMAKE_PREFIX_PATH=${CMAKE_PREFIX_PATH}:/opt/ros/jazzy DEBUGINFOD_URLS=https://debuginfod.ubuntu.com /usr/bin/cmake --install /home/oswiwi/prueba1_ws/build/cpp_robot_controller
[9.097s] Level 1:colcon.colcon_core.environment:checking '/home/oswiwi/prueba1_ws/install/cpp_robot_controller' for CMake module files
[9.099s] Level 1:colcon.colcon_core.environment:checking '/home/oswiwi/prueba1_ws/install/cpp_robot_controller' for CMake config files
[9.099s] Level 1:colcon.colcon_core.shell:create_environment_hook('cpp_robot_controller', 'cmake_prefix_path')
[9.100s] INFO:colcon.colcon_core.shell:Creating environment hook '/home/oswiwi/prueba1_ws/install/cpp_robot_controller/share/cpp_robot_controller/hook/cmake_prefix_path.ps1'
[9.102s] INFO:colcon.colcon_core.shell:Creating environment descriptor '/home/oswiwi/prueba1_ws/install/cpp_robot_controller/share/cpp_robot_controller/hook/cmake_prefix_path.dsv'
[9.104s] INFO:colcon.colcon_core.shell:Creating environment hook '/home/oswiwi/prueba1_ws/install/cpp_robot_controller/share/cpp_robot_controller/hook/cmake_prefix_path.sh'
[9.106s] Level 1:colcon.colcon_core.environment:checking '/home/oswiwi/prueba1_ws/install/cpp_robot_controller/lib'
[9.107s] Level 1:colcon.colcon_core.environment:checking '/home/oswiwi/prueba1_ws/install/cpp_robot_controller/bin'
[9.107s] Level 1:colcon.colcon_core.environment:checking '/home/oswiwi/prueba1_ws/install/cpp_robot_controller/lib/pkgconfig/cpp_robot_controller.pc'
[9.107s] Level 1:colcon.colcon_core.environment:checking '/home/oswiwi/prueba1_ws/install/cpp_robot_controller/lib/python3.12/site-packages'
[9.108s] Level 1:colcon.colcon_core.environment:checking '/home/oswiwi/prueba1_ws/install/cpp_robot_controller/bin'
[9.108s] INFO:colcon.colcon_core.shell:Creating package script '/home/oswiwi/prueba1_ws/install/cpp_robot_controller/share/cpp_robot_controller/package.ps1'
[9.110s] INFO:colcon.colcon_core.shell:Creating package descriptor '/home/oswiwi/prueba1_ws/install/cpp_robot_controller/share/cpp_robot_controller/package.dsv'
[9.112s] INFO:colcon.colcon_core.shell:Creating package script '/home/oswiwi/prueba1_ws/install/cpp_robot_controller/share/cpp_robot_controller/package.sh'
[9.114s] INFO:colcon.colcon_core.shell:Creating package script '/home/oswiwi/prueba1_ws/install/cpp_robot_controller/share/cpp_robot_controller/package.bash'
[9.117s] INFO:colcon.colcon_core.shell:Creating package script '/home/oswiwi/prueba1_ws/install/cpp_robot_controller/share/cpp_robot_controller/package.zsh'
[9.119s] Level 1:colcon.colcon_core.environment:create_file_with_runtime_dependencies(/home/oswiwi/prueba1_ws/install/cpp_robot_controller/share/colcon-core/packages/cpp_robot_controller)
[9.121s] Level 1:colcon.colcon_core.environment:create_environment_scripts_only(cpp_robot_controller)
[9.121s] Level 1:colcon.colcon_core.environment:checking '/home/oswiwi/prueba1_ws/install/cpp_robot_controller' for CMake module files
[9.123s] Level 1:colcon.colcon_core.environment:checking '/home/oswiwi/prueba1_ws/install/cpp_robot_controller' for CMake config files
[9.123s] Level 1:colcon.colcon_core.shell:create_environment_hook('cpp_robot_controller', 'cmake_prefix_path')
[9.124s] INFO:colcon.colcon_core.shell:Creating environment hook '/home/oswiwi/prueba1_ws/install/cpp_robot_controller/share/cpp_robot_controller/hook/cmake_prefix_path.ps1'
[9.125s] INFO:colcon.colcon_core.shell:Creating environment descriptor '/home/oswiwi/prueba1_ws/install/cpp_robot_controller/share/cpp_robot_controller/hook/cmake_prefix_path.dsv'
[9.126s] INFO:colcon.colcon_core.shell:Creating environment hook '/home/oswiwi/prueba1_ws/install/cpp_robot_controller/share/cpp_robot_controller/hook/cmake_prefix_path.sh'
[9.128s] Level 1:colcon.colcon_core.environment:checking '/home/oswiwi/prueba1_ws/install/cpp_robot_controller/lib'
[9.128s] Level 1:colcon.colcon_core.environment:checking '/home/oswiwi/prueba1_ws/install/cpp_robot_controller/bin'
[9.128s] Level 1:colcon.colcon_core.environment:checking '/home/oswiwi/prueba1_ws/install/cpp_robot_controller/lib/pkgconfig/cpp_robot_controller.pc'
[9.129s] Level 1:colcon.colcon_core.environment:checking '/home/oswiwi/prueba1_ws/install/cpp_robot_controller/lib/python3.12/site-packages'
[9.130s] Level 1:colcon.colcon_core.environment:checking '/home/oswiwi/prueba1_ws/install/cpp_robot_controller/bin'
[9.131s] INFO:colcon.colcon_core.shell:Creating package script '/home/oswiwi/prueba1_ws/install/cpp_robot_controller/share/cpp_robot_controller/package.ps1'
[9.132s] INFO:colcon.colcon_core.shell:Creating package descriptor '/home/oswiwi/prueba1_ws/install/cpp_robot_controller/share/cpp_robot_controller/package.dsv'
[9.134s] INFO:colcon.colcon_core.shell:Creating package script '/home/oswiwi/prueba1_ws/install/cpp_robot_controller/share/cpp_robot_controller/package.sh'
[9.136s] INFO:colcon.colcon_core.shell:Creating package script '/home/oswiwi/prueba1_ws/install/cpp_robot_controller/share/cpp_robot_controller/package.bash'
[9.138s] INFO:colcon.colcon_core.shell:Creating package script '/home/oswiwi/prueba1_ws/install/cpp_robot_controller/share/cpp_robot_controller/package.zsh'
[9.139s] Level 1:colcon.colcon_core.environment:create_file_with_runtime_dependencies(/home/oswiwi/prueba1_ws/install/cpp_robot_controller/share/colcon-core/packages/cpp_robot_controller)
[9.139s] DEBUG:colcon.colcon_parallel_executor.executor.parallel:closing loop
[9.140s] DEBUG:colcon.colcon_parallel_executor.executor.parallel:loop closed
[9.140s] DEBUG:colcon.colcon_parallel_executor.executor.parallel:run_until_complete finished with '0'
[9.140s] DEBUG:colcon.colcon_core.event_reactor:joining thread
[9.161s] INFO:colcon.colcon_core.plugin_system:Skipping extension 'colcon_notification.desktop_notification.terminal_notifier': Not used on non-Darwin systems
[9.162s] INFO:colcon.colcon_core.plugin_system:Skipping extension 'colcon_notification.desktop_notification.win32': Not used on non-Windows systems
[9.162s] INFO:colcon.colcon_notification.desktop_notification:Sending desktop notification using 'notify2'
[9.189s] DEBUG:colcon.colcon_core.event_reactor:joined thread
[9.189s] INFO:colcon.colcon_core.shell:Creating prefix script '/home/oswiwi/prueba1_ws/install/local_setup.ps1'
[9.192s] INFO:colcon.colcon_core.shell:Creating prefix util module '/home/oswiwi/prueba1_ws/install/_local_setup_util_ps1.py'
[9.197s] INFO:colcon.colcon_core.shell:Creating prefix chain script '/home/oswiwi/prueba1_ws/install/setup.ps1'
[9.199s] INFO:colcon.colcon_core.shell:Creating prefix script '/home/oswiwi/prueba1_ws/install/local_setup.sh'
[9.202s] INFO:colcon.colcon_core.shell:Creating prefix util module '/home/oswiwi/prueba1_ws/install/_local_setup_util_sh.py'
[9.204s] INFO:colcon.colcon_core.shell:Creating prefix chain script '/home/oswiwi/prueba1_ws/install/setup.sh'
[9.207s] INFO:colcon.colcon_core.shell:Creating prefix script '/home/oswiwi/prueba1_ws/install/local_setup.bash'
[9.209s] INFO:colcon.colcon_core.shell:Creating prefix chain script '/home/oswiwi/prueba1_ws/install/setup.bash'
[9.211s] INFO:colcon.colcon_core.shell:Creating prefix script '/home/oswiwi/prueba1_ws/install/local_setup.zsh'
[9.213s] INFO:colcon.colcon_core.shell:Creating prefix chain script '/home/oswiwi/prueba1_ws/install/setup.zsh'
