[0.177s] DEBUG:colcon:Command line arguments: ['/usr/bin/colcon', 'build']
[0.177s] DEBUG:colcon:Parsed command line arguments: Namespace(log_base=None, log_level=None, verb_name='build', build_base='build', install_base='install', merge_install=False, symlink_install=False, test_result_base=None, continue_on_error=False, executor='parallel', parallel_workers=4, event_handlers=None, ignore_user_meta=False, metas=['./colcon.meta'], base_paths=['.'], packages_ignore=None, packages_ignore_regex=None, paths=None, packages_up_to=None, packages_up_to_regex=None, packages_above=None, packages_above_and_dependencies=None, packages_above_depth=None, packages_select_by_dep=None, packages_skip_by_dep=None, packages_skip_up_to=None, packages_select_build_failed=False, packages_skip_build_finished=False, packages_select_test_failures=False, packages_skip_test_passed=False, packages_select=None, packages_skip=None, packages_select_regex=None, packages_skip_regex=None, packages_start=None, packages_end=None, allow_overriding=[], cmake_args=None, cmake_target=None, cmake_target_skip_unavailable=False, cmake_clean_cache=False, cmake_clean_first=False, cmake_force_configure=False, ament_cmake_args=None, catkin_cmake_args=None, catkin_skip_building_tests=False, mixin_files=None, mixin=None, verb_parser=<colcon_mixin.mixin.mixin_argument.MixinArgumentDecorator object at 0x7bef124a2120>, verb_extension=<colcon_core.verb.build.BuildVerb object at 0x7bef124a1d60>, main=<bound method BuildVerb.main of <colcon_core.verb.build.BuildVerb object at 0x7bef124a1d60>>, mixin_verb=('build',))
[0.237s] Level 1:colcon.colcon_core.package_discovery:discover_packages(colcon_meta) check parameters
[0.237s] Level 1:colcon.colcon_core.package_discovery:discover_packages(recursive) check parameters
[0.237s] Level 1:colcon.colcon_core.package_discovery:discover_packages(ignore) check parameters
[0.237s] Level 1:colcon.colcon_core.package_discovery:discover_packages(path) check parameters
[0.237s] Level 1:colcon.colcon_core.package_discovery:discover_packages(colcon_meta) discover
[0.237s] Level 1:colcon.colcon_core.package_discovery:discover_packages(recursive) discover
[0.238s] INFO:colcon.colcon_core.package_discovery:Crawling recursively for packages in '/home/oswiwi/prueba1_ws'
[0.238s] Level 1:colcon.colcon_core.package_identification:_identify(.) by extensions ['ignore', 'ignore_ament_install']
[0.238s] Level 1:colcon.colcon_core.package_identification:_identify(.) by extension 'ignore'
[0.238s] Level 1:colcon.colcon_core.package_identification:_identify(.) by extension 'ignore_ament_install'
[0.238s] Level 1:colcon.colcon_core.package_identification:_identify(.) by extensions ['colcon_pkg']
[0.238s] Level 1:colcon.colcon_core.package_identification:_identify(.) by extension 'colcon_pkg'
[0.238s] Level 1:colcon.colcon_core.package_identification:_identify(.) by extensions ['colcon_meta']
[0.238s] Level 1:colcon.colcon_core.package_identification:_identify(.) by extension 'colcon_meta'
[0.239s] Level 1:colcon.colcon_core.package_identification:_identify(.) by extensions ['ros']
[0.239s] Level 1:colcon.colcon_core.package_identification:_identify(.) by extension 'ros'
[0.284s] Level 1:colcon.colcon_core.package_identification:_identify(.) by extensions ['cmake', 'python']
[0.284s] Level 1:colcon.colcon_core.package_identification:_identify(.) by extension 'cmake'
[0.284s] Level 1:colcon.colcon_core.package_identification:_identify(.) by extension 'python'
[0.285s] Level 1:colcon.colcon_core.package_identification:_identify(.) by extensions ['python_setup_py']
[0.285s] Level 1:colcon.colcon_core.package_identification:_identify(.) by extension 'python_setup_py'
[0.285s] Level 1:colcon.colcon_core.package_identification:_identify(build) by extensions ['ignore', 'ignore_ament_install']
[0.285s] Level 1:colcon.colcon_core.package_identification:_identify(build) by extension 'ignore'
[0.285s] Level 1:colcon.colcon_core.package_identification:_identify(build) ignored
[0.285s] Level 1:colcon.colcon_core.package_identification:_identify(install) by extensions ['ignore', 'ignore_ament_install']
[0.286s] Level 1:colcon.colcon_core.package_identification:_identify(install) by extension 'ignore'
[0.286s] Level 1:colcon.colcon_core.package_identification:_identify(install) ignored
[0.286s] Level 1:colcon.colcon_core.package_identification:_identify(log) by extensions ['ignore', 'ignore_ament_install']
[0.286s] Level 1:colcon.colcon_core.package_identification:_identify(log) by extension 'ignore'
[0.286s] Level 1:colcon.colcon_core.package_identification:_identify(log) ignored
[0.286s] Level 1:colcon.colcon_core.package_identification:_identify(src) by extensions ['ignore', 'ignore_ament_install']
[0.287s] Level 1:colcon.colcon_core.package_identification:_identify(src) by extension 'ignore'
[0.287s] Level 1:colcon.colcon_core.package_identification:_identify(src) by extension 'ignore_ament_install'
[0.287s] Level 1:colcon.colcon_core.package_identification:_identify(src) by extensions ['colcon_pkg']
[0.287s] Level 1:colcon.colcon_core.package_identification:_identify(src) by extension 'colcon_pkg'
[0.287s] Level 1:colcon.colcon_core.package_identification:_identify(src) by extensions ['colcon_meta']
[0.287s] Level 1:colcon.colcon_core.package_identification:_identify(src) by extension 'colcon_meta'
[0.287s] Level 1:colcon.colcon_core.package_identification:_identify(src) by extensions ['ros']
[0.287s] Level 1:colcon.colcon_core.package_identification:_identify(src) by extension 'ros'
[0.288s] Level 1:colcon.colcon_core.package_identification:_identify(src) by extensions ['cmake', 'python']
[0.288s] Level 1:colcon.colcon_core.package_identification:_identify(src) by extension 'cmake'
[0.288s] Level 1:colcon.colcon_core.package_identification:_identify(src) by extension 'python'
[0.288s] Level 1:colcon.colcon_core.package_identification:_identify(src) by extensions ['python_setup_py']
[0.288s] Level 1:colcon.colcon_core.package_identification:_identify(src) by extension 'python_setup_py'
[0.288s] Level 1:colcon.colcon_core.package_identification:_identify(src/cpp_robot_controller) by extensions ['ignore', 'ignore_ament_install']
[0.288s] Level 1:colcon.colcon_core.package_identification:_identify(src/cpp_robot_controller) by extension 'ignore'
[0.288s] Level 1:colcon.colcon_core.package_identification:_identify(src/cpp_robot_controller) by extension 'ignore_ament_install'
[0.289s] Level 1:colcon.colcon_core.package_identification:_identify(src/cpp_robot_controller) by extensions ['colcon_pkg']
[0.289s] Level 1:colcon.colcon_core.package_identification:_identify(src/cpp_robot_controller) by extension 'colcon_pkg'
[0.289s] Level 1:colcon.colcon_core.package_identification:_identify(src/cpp_robot_controller) by extensions ['colcon_meta']
[0.289s] Level 1:colcon.colcon_core.package_identification:_identify(src/cpp_robot_controller) by extension 'colcon_meta'
[0.289s] Level 1:colcon.colcon_core.package_identification:_identify(src/cpp_robot_controller) by extensions ['ros']
[0.289s] Level 1:colcon.colcon_core.package_identification:_identify(src/cpp_robot_controller) by extension 'ros'
[0.293s] DEBUG:colcon.colcon_core.package_identification:Package 'src/cpp_robot_controller' with type 'ros.ament_cmake' and name 'cpp_robot_controller'
[0.294s] Level 1:colcon.colcon_core.package_discovery:discover_packages(recursive) using defaults
[0.294s] Level 1:colcon.colcon_core.package_discovery:discover_packages(ignore) discover
[0.294s] Level 1:colcon.colcon_core.package_discovery:discover_packages(ignore) using defaults
[0.294s] Level 1:colcon.colcon_core.package_discovery:discover_packages(path) discover
[0.294s] Level 1:colcon.colcon_core.package_discovery:discover_packages(path) using defaults
[0.320s] Level 1:colcon.colcon_core.package_discovery:discover_packages(prefix_path) check parameters
[0.320s] Level 1:colcon.colcon_core.package_discovery:discover_packages(prefix_path) discover
[0.323s] DEBUG:colcon.colcon_installed_package_information.package_discovery:Found 1 installed packages in /home/oswiwi/prueba1_ws/install
[0.326s] DEBUG:colcon.colcon_installed_package_information.package_discovery:Found 407 installed packages in /opt/ros/jazzy
[0.329s] Level 1:colcon.colcon_core.package_discovery:discover_packages(prefix_path) using defaults
[0.423s] Level 5:colcon.colcon_core.verb:set package 'cpp_robot_controller' build argument 'cmake_args' from command line to 'None'
[0.423s] Level 5:colcon.colcon_core.verb:set package 'cpp_robot_controller' build argument 'cmake_target' from command line to 'None'
[0.423s] Level 5:colcon.colcon_core.verb:set package 'cpp_robot_controller' build argument 'cmake_target_skip_unavailable' from command line to 'False'
[0.423s] Level 5:colcon.colcon_core.verb:set package 'cpp_robot_controller' build argument 'cmake_clean_cache' from command line to 'False'
[0.423s] Level 5:colcon.colcon_core.verb:set package 'cpp_robot_controller' build argument 'cmake_clean_first' from command line to 'False'
[0.423s] Level 5:colcon.colcon_core.verb:set package 'cpp_robot_controller' build argument 'cmake_force_configure' from command line to 'False'
[0.423s] Level 5:colcon.colcon_core.verb:set package 'cpp_robot_controller' build argument 'ament_cmake_args' from command line to 'None'
[0.423s] Level 5:colcon.colcon_core.verb:set package 'cpp_robot_controller' build argument 'catkin_cmake_args' from command line to 'None'
[0.423s] Level 5:colcon.colcon_core.verb:set package 'cpp_robot_controller' build argument 'catkin_skip_building_tests' from command line to 'False'
[0.423s] DEBUG:colcon.colcon_core.verb:Building package 'cpp_robot_controller' with the following arguments: {'ament_cmake_args': None, 'build_base': '/home/oswiwi/prueba1_ws/build/cpp_robot_controller', 'catkin_cmake_args': None, 'catkin_skip_building_tests': False, 'cmake_args': None, 'cmake_clean_cache': False, 'cmake_clean_first': False, 'cmake_force_configure': False, 'cmake_target': None, 'cmake_target_skip_unavailable': False, 'install_base': '/home/oswiwi/prueba1_ws/install/cpp_robot_controller', 'merge_install': False, 'path': '/home/oswiwi/prueba1_ws/src/cpp_robot_controller', 'symlink_install': False, 'test_result_base': None}
[0.424s] INFO:colcon.colcon_core.executor:Executing jobs using 'parallel' executor
[0.425s] DEBUG:colcon.colcon_parallel_executor.executor.parallel:run_until_complete
[0.425s] INFO:colcon.colcon_ros.task.ament_cmake.build:Building ROS package in '/home/oswiwi/prueba1_ws/src/cpp_robot_controller' with build type 'ament_cmake'
[0.426s] INFO:colcon.colcon_cmake.task.cmake.build:Building CMake package in '/home/oswiwi/prueba1_ws/src/cpp_robot_controller'
[0.432s] INFO:colcon.colcon_core.plugin_system:Skipping extension 'colcon_core.shell.bat': Not used on non-Windows systems
[0.433s] INFO:colcon.colcon_core.shell:Skip shell extension 'powershell' for command environment: Not usable outside of PowerShell
[0.433s] DEBUG:colcon.colcon_core.shell:Skip shell extension 'dsv' for command environment
[0.450s] DEBUG:colcon.colcon_core.event_handler.log_command:Invoking command in '/home/oswiwi/prueba1_ws/build/cpp_robot_controller': CMAKE_PREFIX_PATH=${CMAKE_PREFIX_PATH}:/opt/ros/jazzy DEBUGINFOD_URLS=https://debuginfod.ubuntu.com /usr/bin/cmake --build /home/oswiwi/prueba1_ws/build/cpp_robot_controller -- -j4 -l4
[8.379s] DEBUG:colcon.colcon_core.event_handler.log_command:Invoked command in '/home/oswiwi/prueba1_ws/build/cpp_robot_controller' returned '0': CMAKE_PREFIX_PATH=${CMAKE_PREFIX_PATH}:/opt/ros/jazzy DEBUGINFOD_URLS=https://debuginfod.ubuntu.com /usr/bin/cmake --build /home/oswiwi/prueba1_ws/build/cpp_robot_controller -- -j4 -l4
[8.395s] DEBUG:colcon.colcon_core.event_handler.log_command:Invoking command in '/home/oswiwi/prueba1_ws/build/cpp_robot_controller': CMAKE_PREFIX_PATH=${CMAKE_PREFIX_PATH}:/opt/ros/jazzy DEBUGINFOD_URLS=https://debuginfod.ubuntu.com /usr/bin/cmake --install /home/oswiwi/prueba1_ws/build/cpp_robot_controller
[8.418s] Level 1:colcon.colcon_core.environment:create_environment_scripts_only(cpp_robot_controller)
[8.419s] DEBUG:colcon.colcon_core.event_handler.log_command:Invoked command in '/home/oswiwi/prueba1_ws/build/cpp_robot_controller' returned '0': CMAKE_PREFIX_PATH=${CMAKE_PREFIX_PATH}:/opt/ros/jazzy DEBUGINFOD_URLS=https://debuginfod.ubuntu.com /usr/bin/cmake --install /home/oswiwi/prueba1_ws/build/cpp_robot_controller
[8.422s] Level 1:colcon.colcon_core.environment:checking '/home/oswiwi/prueba1_ws/install/cpp_robot_controller' for CMake module files
[8.423s] Level 1:colcon.colcon_core.environment:checking '/home/oswiwi/prueba1_ws/install/cpp_robot_controller' for CMake config files
[8.424s] Level 1:colcon.colcon_core.shell:create_environment_hook('cpp_robot_controller', 'cmake_prefix_path')
[8.424s] INFO:colcon.colcon_core.shell:Creating environment hook '/home/oswiwi/prueba1_ws/install/cpp_robot_controller/share/cpp_robot_controller/hook/cmake_prefix_path.ps1'
[8.425s] INFO:colcon.colcon_core.shell:Creating environment descriptor '/home/oswiwi/prueba1_ws/install/cpp_robot_controller/share/cpp_robot_controller/hook/cmake_prefix_path.dsv'
[8.426s] INFO:colcon.colcon_core.shell:Creating environment hook '/home/oswiwi/prueba1_ws/install/cpp_robot_controller/share/cpp_robot_controller/hook/cmake_prefix_path.sh'
[8.427s] Level 1:colcon.colcon_core.environment:checking '/home/oswiwi/prueba1_ws/install/cpp_robot_controller/lib'
[8.427s] Level 1:colcon.colcon_core.environment:checking '/home/oswiwi/prueba1_ws/install/cpp_robot_controller/bin'
[8.428s] Level 1:colcon.colcon_core.environment:checking '/home/oswiwi/prueba1_ws/install/cpp_robot_controller/lib/pkgconfig/cpp_robot_controller.pc'
[8.428s] Level 1:colcon.colcon_core.environment:checking '/home/oswiwi/prueba1_ws/install/cpp_robot_controller/lib/python3.12/site-packages'
[8.429s] Level 1:colcon.colcon_core.environment:checking '/home/oswiwi/prueba1_ws/install/cpp_robot_controller/bin'
[8.429s] INFO:colcon.colcon_core.shell:Creating package script '/home/oswiwi/prueba1_ws/install/cpp_robot_controller/share/cpp_robot_controller/package.ps1'
[8.430s] INFO:colcon.colcon_core.shell:Creating package descriptor '/home/oswiwi/prueba1_ws/install/cpp_robot_controller/share/cpp_robot_controller/package.dsv'
[8.431s] INFO:colcon.colcon_core.shell:Creating package script '/home/oswiwi/prueba1_ws/install/cpp_robot_controller/share/cpp_robot_controller/package.sh'
[8.432s] INFO:colcon.colcon_core.shell:Creating package script '/home/oswiwi/prueba1_ws/install/cpp_robot_controller/share/cpp_robot_controller/package.bash'
[8.433s] INFO:colcon.colcon_core.shell:Creating package script '/home/oswiwi/prueba1_ws/install/cpp_robot_controller/share/cpp_robot_controller/package.zsh'
[8.434s] Level 1:colcon.colcon_core.environment:create_file_with_runtime_dependencies(/home/oswiwi/prueba1_ws/install/cpp_robot_controller/share/colcon-core/packages/cpp_robot_controller)
[8.435s] Level 1:colcon.colcon_core.environment:create_environment_scripts_only(cpp_robot_controller)
[8.436s] Level 1:colcon.colcon_core.environment:checking '/home/oswiwi/prueba1_ws/install/cpp_robot_controller' for CMake module files
[8.437s] Level 1:colcon.colcon_core.environment:checking '/home/oswiwi/prueba1_ws/install/cpp_robot_controller' for CMake config files
[8.437s] Level 1:colcon.colcon_core.shell:create_environment_hook('cpp_robot_controller', 'cmake_prefix_path')
[8.437s] INFO:colcon.colcon_core.shell:Creating environment hook '/home/oswiwi/prueba1_ws/install/cpp_robot_controller/share/cpp_robot_controller/hook/cmake_prefix_path.ps1'
[8.438s] INFO:colcon.colcon_core.shell:Creating environment descriptor '/home/oswiwi/prueba1_ws/install/cpp_robot_controller/share/cpp_robot_controller/hook/cmake_prefix_path.dsv'
[8.439s] INFO:colcon.colcon_core.shell:Creating environment hook '/home/oswiwi/prueba1_ws/install/cpp_robot_controller/share/cpp_robot_controller/hook/cmake_prefix_path.sh'
[8.440s] Level 1:colcon.colcon_core.environment:checking '/home/oswiwi/prueba1_ws/install/cpp_robot_controller/lib'
[8.440s] Level 1:colcon.colcon_core.environment:checking '/home/oswiwi/prueba1_ws/install/cpp_robot_controller/bin'
[8.440s] Level 1:colcon.colcon_core.environment:checking '/home/oswiwi/prueba1_ws/install/cpp_robot_controller/lib/pkgconfig/cpp_robot_controller.pc'
[8.440s] Level 1:colcon.colcon_core.environment:checking '/home/oswiwi/prueba1_ws/install/cpp_robot_controller/lib/python3.12/site-packages'
[8.441s] Level 1:colcon.colcon_core.environment:checking '/home/oswiwi/prueba1_ws/install/cpp_robot_controller/bin'
[8.442s] INFO:colcon.colcon_core.shell:Creating package script '/home/oswiwi/prueba1_ws/install/cpp_robot_controller/share/cpp_robot_controller/package.ps1'
[8.442s] INFO:colcon.colcon_core.shell:Creating package descriptor '/home/oswiwi/prueba1_ws/install/cpp_robot_controller/share/cpp_robot_controller/package.dsv'
[8.443s] INFO:colcon.colcon_core.shell:Creating package script '/home/oswiwi/prueba1_ws/install/cpp_robot_controller/share/cpp_robot_controller/package.sh'
[8.444s] INFO:colcon.colcon_core.shell:Creating package script '/home/oswiwi/prueba1_ws/install/cpp_robot_controller/share/cpp_robot_controller/package.bash'
[8.445s] INFO:colcon.colcon_core.shell:Creating package script '/home/oswiwi/prueba1_ws/install/cpp_robot_controller/share/cpp_robot_controller/package.zsh'
[8.446s] Level 1:colcon.colcon_core.environment:create_file_with_runtime_dependencies(/home/oswiwi/prueba1_ws/install/cpp_robot_controller/share/colcon-core/packages/cpp_robot_controller)
[8.446s] DEBUG:colcon.colcon_parallel_executor.executor.parallel:closing loop
[8.447s] DEBUG:colcon.colcon_parallel_executor.executor.parallel:loop closed
[8.447s] DEBUG:colcon.colcon_parallel_executor.executor.parallel:run_until_complete finished with '0'
[8.448s] DEBUG:colcon.colcon_core.event_reactor:joining thread
[8.459s] INFO:colcon.colcon_core.plugin_system:Skipping extension 'colcon_notification.desktop_notification.terminal_notifier': Not used on non-Darwin systems
[8.459s] INFO:colcon.colcon_core.plugin_system:Skipping extension 'colcon_notification.desktop_notification.win32': Not used on non-Windows systems
[8.459s] INFO:colcon.colcon_notification.desktop_notification:Sending desktop notification using 'notify2'
[8.482s] DEBUG:colcon.colcon_core.event_reactor:joined thread
[8.482s] INFO:colcon.colcon_core.shell:Creating prefix script '/home/oswiwi/prueba1_ws/install/local_setup.ps1'
[8.484s] INFO:colcon.colcon_core.shell:Creating prefix util module '/home/oswiwi/prueba1_ws/install/_local_setup_util_ps1.py'
[8.486s] INFO:colcon.colcon_core.shell:Creating prefix chain script '/home/oswiwi/prueba1_ws/install/setup.ps1'
[8.489s] INFO:colcon.colcon_core.shell:Creating prefix script '/home/oswiwi/prueba1_ws/install/local_setup.sh'
[8.490s] INFO:colcon.colcon_core.shell:Creating prefix util module '/home/oswiwi/prueba1_ws/install/_local_setup_util_sh.py'
[8.492s] INFO:colcon.colcon_core.shell:Creating prefix chain script '/home/oswiwi/prueba1_ws/install/setup.sh'
[8.495s] INFO:colcon.colcon_core.shell:Creating prefix script '/home/oswiwi/prueba1_ws/install/local_setup.bash'
[8.496s] INFO:colcon.colcon_core.shell:Creating prefix chain script '/home/oswiwi/prueba1_ws/install/setup.bash'
[8.498s] INFO:colcon.colcon_core.shell:Creating prefix script '/home/oswiwi/prueba1_ws/install/local_setup.zsh'
[8.499s] INFO:colcon.colcon_core.shell:Creating prefix chain script '/home/oswiwi/prueba1_ws/install/setup.zsh'
