-- Found ament_cmake: 2.5.5 (/opt/ros/jazzy/share/ament_cmake/cmake)
-- Found rclcpp: 28.1.16 (/opt/ros/jazzy/share/rclcpp/cmake)
-- Found rosidl_generator_c: 4.6.7 (/opt/ros/jazzy/share/rosidl_generator_c/cmake)
-- Found rosidl_generator_cpp: 4.6.7 (/opt/ros/jazzy/share/rosidl_generator_cpp/cmake)
-- Using all available rosidl_typesupport_c: rosidl_typesupport_fastrtps_c;rosidl_typesupport_introspection_c
-- Using all available rosidl_typesupport_cpp: rosidl_typesupport_fastrtps_cpp;rosidl_typesupport_introspection_cpp
-- Found rmw_implementation_cmake: 7.3.3 (/opt/ros/jazzy/share/rmw_implementation_cmake/cmake)
-- Found rmw_fastrtps_cpp: 8.4.3 (/opt/ros/jazzy/share/rmw_fastrtps_cpp/cmake)
-- Using RMW implementation 'rmw_fastrtps_cpp' as default
-- Found std_msgs: 5.3.6 (/opt/ros/jazzy/share/std_msgs/cmake)
-- Found geometry_msgs: 5.3.6 (/opt/ros/jazzy/share/geometry_msgs/cmake)
-- Configuring done (1.1s)
-- Generating done (0.0s)
-- Build files have been written to: /home/oswiwi/prueba1_ws/build/cpp_robot_controller
[ 25%] [32mBuilding CXX object CMakeFiles/twist_sequencer.dir/src/twist_sequencer.cpp.o[0m
[ 75%] Built target led_node_cpp
[100%] [32m[1mLinking CXX executable twist_sequencer[0m
[100%] Built target twist_sequencer
-- Install configuration: ""
-- Up-to-date: /home/oswiwi/prueba1_ws/install/cpp_robot_controller/lib/cpp_robot_controller/led_node_cpp
-- Installing: /home/oswiwi/prueba1_ws/install/cpp_robot_controller/lib/cpp_robot_controller/twist_sequencer
-- Set non-toolchain portion of runtime path of "/home/oswiwi/prueba1_ws/install/cpp_robot_controller/lib/cpp_robot_controller/twist_sequencer" to ""
-- Installing: /home/oswiwi/prueba1_ws/install/cpp_robot_controller/share/ament_index/resource_index/package_run_dependencies/cpp_robot_controller
-- Installing: /home/oswiwi/prueba1_ws/install/cpp_robot_controller/share/ament_index/resource_index/parent_prefix_path/cpp_robot_controller
-- Up-to-date: /home/oswiwi/prueba1_ws/install/cpp_robot_controller/share/cpp_robot_controller/environment/ament_prefix_path.sh
-- Up-to-date: /home/oswiwi/prueba1_ws/install/cpp_robot_controller/share/cpp_robot_controller/environment/ament_prefix_path.dsv
-- Up-to-date: /home/oswiwi/prueba1_ws/install/cpp_robot_controller/share/cpp_robot_controller/environment/path.sh
-- Up-to-date: /home/oswiwi/prueba1_ws/install/cpp_robot_controller/share/cpp_robot_controller/environment/path.dsv
-- Up-to-date: /home/oswiwi/prueba1_ws/install/cpp_robot_controller/share/cpp_robot_controller/local_setup.bash
-- Up-to-date: /home/oswiwi/prueba1_ws/install/cpp_robot_controller/share/cpp_robot_controller/local_setup.sh
-- Up-to-date: /home/oswiwi/prueba1_ws/install/cpp_robot_controller/share/cpp_robot_controller/local_setup.zsh
-- Up-to-date: /home/oswiwi/prueba1_ws/install/cpp_robot_controller/share/cpp_robot_controller/local_setup.dsv
-- Installing: /home/oswiwi/prueba1_ws/install/cpp_robot_controller/share/cpp_robot_controller/package.dsv
-- Up-to-date: /home/oswiwi/prueba1_ws/install/cpp_robot_controller/share/ament_index/resource_index/packages/cpp_robot_controller
-- Up-to-date: /home/oswiwi/prueba1_ws/install/cpp_robot_controller/share/cpp_robot_controller/cmake/cpp_robot_controllerConfig.cmake
-- Up-to-date: /home/oswiwi/prueba1_ws/install/cpp_robot_controller/share/cpp_robot_controller/cmake/cpp_robot_controllerConfig-version.cmake
-- Installing: /home/oswiwi/prueba1_ws/install/cpp_robot_controller/share/cpp_robot_controller/package.xml
