[0.059s] Invoking command in '/home/oswiwi/prueba1_ws/build/cpp_robot_controller': CMAKE_PREFIX_PATH=${CMAKE_PREFIX_PATH}:/opt/ros/jazzy DEBUGINFOD_URLS=https://debuginfod.ubuntu.com /usr/bin/cmake --build /home/oswiwi/prueba1_ws/build/cpp_robot_controller -- -j4 -l4
[0.284s] [ 75%] Built target led_node_cpp
[0.284s] [ 75%] [32mBuilding CXX object CMakeFiles/twist_sequencer.dir/src/twist_sequencer.cpp.o[0m
[7.828s] [100%] [32m[1mLinking CXX executable twist_sequencer[0m
[8.197s] [100%] Built target twist_sequencer
[8.217s] Invoked command in '/home/oswiwi/prueba1_ws/build/cpp_robot_controller' returned '0': CMAKE_PREFIX_PATH=${CMAKE_PREFIX_PATH}:/opt/ros/jazzy DEBUGINFOD_URLS=https://debuginfod.ubuntu.com /usr/bin/cmake --build /home/oswiwi/prueba1_ws/build/cpp_robot_controller -- -j4 -l4
[8.237s] Invoking command in '/home/oswiwi/prueba1_ws/build/cpp_robot_controller': CMAKE_PREFIX_PATH=${CMAKE_PREFIX_PATH}:/opt/ros/jazzy DEBUGINFOD_URLS=https://debuginfod.ubuntu.com /usr/bin/cmake --install /home/oswiwi/prueba1_ws/build/cpp_robot_controller
[8.250s] -- Install configuration: ""
[8.251s] -- Up-to-date: /home/oswiwi/prueba1_ws/install/cpp_robot_controller/lib/cpp_robot_controller/led_node_cpp
[8.252s] -- Installing: /home/oswiwi/prueba1_ws/install/cpp_robot_controller/lib/cpp_robot_controller/twist_sequencer
[8.258s] -- Set non-toolchain portion of runtime path of "/home/oswiwi/prueba1_ws/install/cpp_robot_controller/lib/cpp_robot_controller/twist_sequencer" to ""
[8.258s] -- Up-to-date: /home/oswiwi/prueba1_ws/install/cpp_robot_controller/share/ament_index/resource_index/package_run_dependencies/cpp_robot_controller
[8.258s] -- Up-to-date: /home/oswiwi/prueba1_ws/install/cpp_robot_controller/share/ament_index/resource_index/parent_prefix_path/cpp_robot_controller
[8.258s] -- Up-to-date: /home/oswiwi/prueba1_ws/install/cpp_robot_controller/share/cpp_robot_controller/environment/ament_prefix_path.sh
[8.258s] -- Up-to-date: /home/oswiwi/prueba1_ws/install/cpp_robot_controller/share/cpp_robot_controller/environment/ament_prefix_path.dsv
[8.258s] -- Up-to-date: /home/oswiwi/prueba1_ws/install/cpp_robot_controller/share/cpp_robot_controller/environment/path.sh
[8.258s] -- Up-to-date: /home/oswiwi/prueba1_ws/install/cpp_robot_controller/share/cpp_robot_controller/environment/path.dsv
[8.258s] -- Up-to-date: /home/oswiwi/prueba1_ws/install/cpp_robot_controller/share/cpp_robot_controller/local_setup.bash
[8.258s] -- Up-to-date: /home/oswiwi/prueba1_ws/install/cpp_robot_controller/share/cpp_robot_controller/local_setup.sh
[8.259s] -- Up-to-date: /home/oswiwi/prueba1_ws/install/cpp_robot_controller/share/cpp_robot_controller/local_setup.zsh
[8.259s] -- Up-to-date: /home/oswiwi/prueba1_ws/install/cpp_robot_controller/share/cpp_robot_controller/local_setup.dsv
[8.259s] -- Installing: /home/oswiwi/prueba1_ws/install/cpp_robot_controller/share/cpp_robot_controller/package.dsv
[8.259s] -- Up-to-date: /home/oswiwi/prueba1_ws/install/cpp_robot_controller/share/ament_index/resource_index/packages/cpp_robot_controller
[8.259s] -- Up-to-date: /home/oswiwi/prueba1_ws/install/cpp_robot_controller/share/cpp_robot_controller/cmake/cpp_robot_controllerConfig.cmake
[8.259s] -- Up-to-date: /home/oswiwi/prueba1_ws/install/cpp_robot_controller/share/cpp_robot_controller/cmake/cpp_robot_controllerConfig-version.cmake
[8.260s] -- Up-to-date: /home/oswiwi/prueba1_ws/install/cpp_robot_controller/share/cpp_robot_controller/package.xml
[8.262s] Invoked command in '/home/oswiwi/prueba1_ws/build/cpp_robot_controller' returned '0': CMAKE_PREFIX_PATH=${CMAKE_PREFIX_PATH}:/opt/ros/jazzy DEBUGINFOD_URLS=https://debuginfod.ubuntu.com /usr/bin/cmake --install /home/oswiwi/prueba1_ws/build/cpp_robot_controller
