[ 16%] [32mBuilding CXX object CMakeFiles/twist_sequencer.dir/src/twist_sequencer.cpp.o[0m
[ 50%] Built target led_node_cpp
[ 83%] Built target odom_publisher
[100%] [32m[1mLinking CXX executable twist_sequencer[0m
[100%] Built target twist_sequencer
-- Install configuration: ""
-- Installing: /home/oswiwi/prueba1_ws/install/cpp_robot_controller/lib/cpp_robot_controller/twist_sequencer
-- Set non-toolchain portion of runtime path of "/home/oswiwi/prueba1_ws/install/cpp_robot_controller/lib/cpp_robot_controller/twist_sequencer" to ""
-- Up-to-date: /home/oswiwi/prueba1_ws/install/cpp_robot_controller/lib/cpp_robot_controller/odom_publisher
-- Up-to-date: /home/oswiwi/prueba1_ws/install/cpp_robot_controller/share/ament_index/resource_index/package_run_dependencies/cpp_robot_controller
-- Up-to-date: /home/oswiwi/prueba1_ws/install/cpp_robot_controller/share/ament_index/resource_index/parent_prefix_path/cpp_robot_controller
-- Up-to-date: /home/oswiwi/prueba1_ws/install/cpp_robot_controller/share/cpp_robot_controller/environment/ament_prefix_path.sh
-- Up-to-date: /home/oswiwi/prueba1_ws/install/cpp_robot_controller/share/cpp_robot_controller/environment/ament_prefix_path.dsv
-- Up-to-date: /home/oswiwi/prueba1_ws/install/cpp_robot_controller/share/cpp_robot_controller/environment/path.sh
-- Up-to-date: /home/oswiwi/prueba1_ws/install/cpp_robot_controller/share/cpp_robot_controller/environment/path.dsv
-- Up-to-date: /home/oswiwi/prueba1_ws/install/cpp_robot_controller/share/cpp_robot_controller/local_setup.bash
-- Up-to-date: /home/oswiwi/prueba1_ws/install/cpp_robot_controller/share/cpp_robot_controller/local_setup.sh
-- Up-to-date: /home/oswiwi/prueba1_ws/install/cpp_robot_controller/share/cpp_robot_controller/local_setup.zsh
-- Up-to-date: /home/oswiwi/prueba1_ws/install/cpp_robot_controller/share/cpp_robot_controller/local_setup.dsv
-- Installing: /home/oswiwi/prueba1_ws/install/cpp_robot_controller/share/cpp_robot_controller/package.dsv
-- Up-to-date: /home/oswiwi/prueba1_ws/install/cpp_robot_controller/share/ament_index/resource_index/packages/cpp_robot_controller
-- Up-to-date: /home/oswiwi/prueba1_ws/install/cpp_robot_controller/share/cpp_robot_controller/cmake/cpp_robot_controllerConfig.cmake
-- Up-to-date: /home/oswiwi/prueba1_ws/install/cpp_robot_controller/share/cpp_robot_controller/cmake/cpp_robot_controllerConfig-version.cmake
-- Up-to-date: /home/oswiwi/prueba1_ws/install/cpp_robot_controller/share/cpp_robot_controller/package.xml
