[0.026s] Invoking command in '/home/oswiwi/prueba1_ws/src/cpp_robot_controller/build/cpp_robot_controller': CMAKE_PREFIX_PATH=${CMAKE_PREFIX_PATH}:/opt/ros/jazzy DEBUGINFOD_URLS=https://debuginfod.ubuntu.com /usr/bin/cmake /home/oswiwi/prueba1_ws/src/cpp_robot_controller -DCMAKE_INSTALL_PREFIX=/home/oswiwi/prueba1_ws/src/cpp_robot_controller/install/cpp_robot_controller
[0.263s] -- The C compiler identification is GNU 13.3.0
[0.441s] -- The CXX compiler identification is GNU 13.3.0
[0.487s] -- Detecting C compiler ABI info
[0.634s] -- Detecting C compiler ABI info - done
[0.649s] -- Check for working C compiler: /usr/bin/cc - skipped
[0.651s] -- Detecting C compile features
[0.653s] -- Detecting C compile features - done
[0.675s] -- Detecting CXX compiler ABI info
[0.827s] -- Detecting CXX compiler ABI info - done
[0.840s] -- Check for working CXX compiler: /usr/bin/c++ - skipped
[0.841s] -- Detecting CXX compile features
[0.841s] -- Detecting CXX compile features - done
[0.870s] -- Found ament_cmake: 2.5.5 (/opt/ros/jazzy/share/ament_cmake/cmake)
[1.122s] -- Found Python3: /usr/bin/python3 (found version "3.12.3") found components: Interpreter 
[1.407s] -- Found rclcpp: 28.1.16 (/opt/ros/jazzy/share/rclcpp/cmake)
[1.607s] -- Found rosidl_generator_c: 4.6.7 (/opt/ros/jazzy/share/rosidl_generator_c/cmake)
[1.659s] -- Found rosidl_generator_cpp: 4.6.7 (/opt/ros/jazzy/share/rosidl_generator_cpp/cmake)
[1.729s] -- Using all available rosidl_typesupport_c: rosidl_typesupport_fastrtps_c;rosidl_typesupport_introspection_c
[1.805s] -- Using all available rosidl_typesupport_cpp: rosidl_typesupport_fastrtps_cpp;rosidl_typesupport_introspection_cpp
[2.113s] -- Found rmw_implementation_cmake: 7.3.3 (/opt/ros/jazzy/share/rmw_implementation_cmake/cmake)
[2.124s] -- Found rmw_fastrtps_cpp: 8.4.3 (/opt/ros/jazzy/share/rmw_fastrtps_cpp/cmake)
[2.369s] -- Found OpenSSL: /usr/lib/x86_64-linux-gnu/libcrypto.so (found version "3.0.13")  
[2.423s] -- Found FastRTPS: /opt/ros/jazzy/include (Required is at least version "2.13") 
[2.464s] -- Using RMW implementation 'rmw_fastrtps_cpp' as default
[2.760s] -- Found std_msgs: 5.3.6 (/opt/ros/jazzy/share/std_msgs/cmake)
[2.985s] -- Configuring done (2.9s)
[3.011s] -- Generating done (0.0s)
[3.018s] -- Build files have been written to: /home/oswiwi/prueba1_ws/src/cpp_robot_controller/build/cpp_robot_controller
[3.031s] Invoked command in '/home/oswiwi/prueba1_ws/src/cpp_robot_controller/build/cpp_robot_controller' returned '0': CMAKE_PREFIX_PATH=${CMAKE_PREFIX_PATH}:/opt/ros/jazzy DEBUGINFOD_URLS=https://debuginfod.ubuntu.com /usr/bin/cmake /home/oswiwi/prueba1_ws/src/cpp_robot_controller -DCMAKE_INSTALL_PREFIX=/home/oswiwi/prueba1_ws/src/cpp_robot_controller/install/cpp_robot_controller
[3.034s] Invoking command in '/home/oswiwi/prueba1_ws/src/cpp_robot_controller/build/cpp_robot_controller': CMAKE_PREFIX_PATH=${CMAKE_PREFIX_PATH}:/opt/ros/jazzy DEBUGINFOD_URLS=https://debuginfod.ubuntu.com /usr/bin/cmake --build /home/oswiwi/prueba1_ws/src/cpp_robot_controller/build/cpp_robot_controller -- -j4 -l4
[3.112s] [ 50%] [32mBuilding CXX object CMakeFiles/led_node_cpp.dir/src/led_publisher.cpp.o[0m
[11.620s] [100%] [32m[1mLinking CXX executable led_node_cpp[0m
[11.964s] [100%] Built target led_node_cpp
[11.981s] Invoked command in '/home/oswiwi/prueba1_ws/src/cpp_robot_controller/build/cpp_robot_controller' returned '0': CMAKE_PREFIX_PATH=${CMAKE_PREFIX_PATH}:/opt/ros/jazzy DEBUGINFOD_URLS=https://debuginfod.ubuntu.com /usr/bin/cmake --build /home/oswiwi/prueba1_ws/src/cpp_robot_controller/build/cpp_robot_controller -- -j4 -l4
[11.996s] Invoking command in '/home/oswiwi/prueba1_ws/src/cpp_robot_controller/build/cpp_robot_controller': CMAKE_PREFIX_PATH=${CMAKE_PREFIX_PATH}:/opt/ros/jazzy DEBUGINFOD_URLS=https://debuginfod.ubuntu.com /usr/bin/cmake --install /home/oswiwi/prueba1_ws/src/cpp_robot_controller/build/cpp_robot_controller
[12.007s] -- Install configuration: ""
[12.007s] -- Installing: /home/oswiwi/prueba1_ws/src/cpp_robot_controller/install/cpp_robot_controller/lib/cpp_robot_controller/led_node_cpp
[12.009s] -- Set non-toolchain portion of runtime path of "/home/oswiwi/prueba1_ws/src/cpp_robot_controller/install/cpp_robot_controller/lib/cpp_robot_controller/led_node_cpp" to ""
[12.009s] -- Installing: /home/oswiwi/prueba1_ws/src/cpp_robot_controller/install/cpp_robot_controller/share/ament_index/resource_index/package_run_dependencies/cpp_robot_controller
[12.009s] -- Installing: /home/oswiwi/prueba1_ws/src/cpp_robot_controller/install/cpp_robot_controller/share/ament_index/resource_index/parent_prefix_path/cpp_robot_controller
[12.010s] -- Installing: /home/oswiwi/prueba1_ws/src/cpp_robot_controller/install/cpp_robot_controller/share/cpp_robot_controller/environment/ament_prefix_path.sh
[12.010s] -- Installing: /home/oswiwi/prueba1_ws/src/cpp_robot_controller/install/cpp_robot_controller/share/cpp_robot_controller/environment/ament_prefix_path.dsv
[12.010s] -- Installing: /home/oswiwi/prueba1_ws/src/cpp_robot_controller/install/cpp_robot_controller/share/cpp_robot_controller/environment/path.sh
[12.010s] -- Installing: /home/oswiwi/prueba1_ws/src/cpp_robot_controller/install/cpp_robot_controller/share/cpp_robot_controller/environment/path.dsv
[12.011s] -- Installing: /home/oswiwi/prueba1_ws/src/cpp_robot_controller/install/cpp_robot_controller/share/cpp_robot_controller/local_setup.bash
[12.011s] -- Installing: /home/oswiwi/prueba1_ws/src/cpp_robot_controller/install/cpp_robot_controller/share/cpp_robot_controller/local_setup.sh
[12.011s] -- Installing: /home/oswiwi/prueba1_ws/src/cpp_robot_controller/install/cpp_robot_controller/share/cpp_robot_controller/local_setup.zsh
[12.011s] -- Installing: /home/oswiwi/prueba1_ws/src/cpp_robot_controller/install/cpp_robot_controller/share/cpp_robot_controller/local_setup.dsv
[12.011s] -- Installing: /home/oswiwi/prueba1_ws/src/cpp_robot_controller/install/cpp_robot_controller/share/cpp_robot_controller/package.dsv
[12.012s] -- Installing: /home/oswiwi/prueba1_ws/src/cpp_robot_controller/install/cpp_robot_controller/share/ament_index/resource_index/packages/cpp_robot_controller
[12.012s] -- Installing: /home/oswiwi/prueba1_ws/src/cpp_robot_controller/install/cpp_robot_controller/share/cpp_robot_controller/cmake/cpp_robot_controllerConfig.cmake
[12.012s] -- Installing: /home/oswiwi/prueba1_ws/src/cpp_robot_controller/install/cpp_robot_controller/share/cpp_robot_controller/cmake/cpp_robot_controllerConfig-version.cmake
[12.012s] -- Installing: /home/oswiwi/prueba1_ws/src/cpp_robot_controller/install/cpp_robot_controller/share/cpp_robot_controller/package.xml
[12.015s] Invoked command in '/home/oswiwi/prueba1_ws/src/cpp_robot_controller/build/cpp_robot_controller' returned '0': CMAKE_PREFIX_PATH=${CMAKE_PREFIX_PATH}:/opt/ros/jazzy DEBUGINFOD_URLS=https://debuginfod.ubuntu.com /usr/bin/cmake --install /home/oswiwi/prueba1_ws/src/cpp_robot_controller/build/cpp_robot_controller
